2022-12-15 14:19:28,648 - INFO: MCPFirst_开始训练 ... 
2022-12-15 14:19:28,957 - INFO: loss:2.3748
2022-12-15 14:19:33,715 - INFO: loss:2.2147
2022-12-15 14:19:38,752 - INFO: loss:2.4387
2022-12-15 14:19:44,183 - INFO: loss:2.5085
2022-12-15 14:19:47,416 - INFO: train loss:2.3115	train accuracy:0.2104
2022-12-15 14:19:48,205 - INFO: val loss:2.1795	val accuracy:0.3448
2022-12-15 14:19:48,515 - INFO: 成功保存模型
2022-12-15 14:19:48,622 - INFO: loss:2.1728
2022-12-15 14:19:53,834 - INFO: loss:2.0559
2022-12-15 14:20:00,066 - INFO: loss:1.9224
2022-12-15 14:20:15,604 - INFO: loss:2.1781
2022-12-15 14:20:22,235 - INFO: train loss:2.0971	train accuracy:0.3200
2022-12-15 14:20:22,996 - INFO: val loss:1.9059	val accuracy:0.3793
2022-12-15 14:20:23,348 - INFO: 成功保存模型
2022-12-15 14:20:23,480 - INFO: loss:1.7225
2022-12-15 14:20:29,665 - INFO: loss:1.6157
2022-12-15 14:20:34,100 - INFO: loss:2.4303
2022-12-15 14:20:38,416 - INFO: loss:1.4400
2022-12-15 14:20:41,046 - INFO: train loss:1.8515	train accuracy:0.3722
2022-12-15 14:20:51,994 - INFO: MCPFirst_开始训练 ... 
2022-12-15 14:20:52,163 - INFO: train loss:2.3748
2022-12-15 14:20:56,767 - INFO: train loss:2.2147
2022-12-15 14:21:00,785 - INFO: train loss:2.4387
2022-12-15 14:21:04,771 - INFO: train loss:2.5085
2022-12-15 14:21:06,993 - INFO: train loss:2.3115	train accuracy:0.2104
2022-12-15 14:21:07,554 - INFO: val loss:2.1795	val accuracy:0.3448
2022-12-15 14:21:07,835 - INFO: 成功保存模型
2022-12-15 14:21:07,960 - INFO: train loss:2.1728
2022-12-15 14:21:12,047 - INFO: train loss:2.0559
2022-12-15 14:21:16,020 - INFO: train loss:1.9224
2022-12-15 14:21:20,208 - INFO: train loss:2.1781
2022-12-15 14:21:22,496 - INFO: train loss:2.0971	train accuracy:0.3200
2022-12-15 14:21:23,086 - INFO: val loss:1.9059	val accuracy:0.3793
2022-12-15 14:21:23,332 - INFO: 成功保存模型
2022-12-15 14:21:23,446 - INFO: train loss:1.7225
2022-12-15 14:21:28,074 - INFO: train loss:1.6157
2022-12-15 14:21:32,887 - INFO: train loss:2.4303
2022-12-15 14:21:37,243 - INFO: train loss:1.4400
2022-12-15 14:21:39,709 - INFO: train loss:1.8515	train accuracy:0.3722
2022-12-15 14:21:40,344 - INFO: val loss:1.5178	val accuracy:0.4310
2022-12-15 14:21:40,592 - INFO: 成功保存模型
2022-12-15 14:21:40,686 - INFO: train loss:1.3825
2022-12-15 14:21:45,053 - INFO: train loss:1.3983
2022-12-15 14:21:49,838 - INFO: train loss:1.8428
2022-12-15 14:21:55,687 - INFO: train loss:1.5122
2022-12-15 14:21:58,774 - INFO: train loss:1.6289	train accuracy:0.4522
2022-12-15 14:21:59,727 - INFO: val loss:1.2764	val accuracy:0.5000
2022-12-15 14:22:00,109 - INFO: 成功保存模型
2022-12-15 14:22:00,259 - INFO: train loss:1.4840
2022-12-15 14:22:04,681 - INFO: train loss:1.9795
2022-12-15 14:22:09,026 - INFO: train loss:1.2749
2022-12-15 14:22:13,285 - INFO: train loss:1.1946
2022-12-15 14:22:15,955 - INFO: train loss:1.5054	train accuracy:0.4957
2022-12-15 14:22:16,647 - INFO: val loss:1.1788	val accuracy:0.5517
2022-12-15 14:22:16,994 - INFO: 成功保存模型
2022-12-15 14:22:17,100 - INFO: train loss:1.2565
2022-12-15 14:22:21,979 - INFO: train loss:1.1762
2022-12-15 14:22:27,425 - INFO: train loss:1.7700
2022-12-15 14:22:35,131 - INFO: train loss:1.7231
2022-12-15 14:22:38,600 - INFO: train loss:1.3567	train accuracy:0.5252
2022-12-15 14:22:39,347 - INFO: val loss:1.0474	val accuracy:0.5690
2022-12-15 14:22:39,678 - INFO: 成功保存模型
2022-12-15 14:22:39,817 - INFO: train loss:1.6303
2022-12-15 14:22:46,731 - INFO: train loss:1.6007
2022-12-15 14:22:52,087 - INFO: train loss:1.3999
2022-12-15 14:23:00,184 - INFO: train loss:1.1217
2022-12-15 14:23:03,651 - INFO: train loss:1.2873	train accuracy:0.5461
2022-12-15 14:23:04,558 - INFO: val loss:1.0191	val accuracy:0.6207
2022-12-15 14:23:04,926 - INFO: 成功保存模型
2022-12-15 14:23:05,053 - INFO: train loss:0.7869
2022-12-15 14:23:10,708 - INFO: train loss:1.2028
2022-12-15 14:23:16,484 - INFO: train loss:1.2899
2022-12-15 14:23:22,598 - INFO: train loss:0.7319
2022-12-15 14:23:25,815 - INFO: train loss:1.1866	train accuracy:0.5826
2022-12-15 14:23:26,645 - INFO: val loss:0.9505	val accuracy:0.6034
2022-12-15 14:23:26,789 - INFO: train loss:1.0180
2022-12-15 14:23:32,323 - INFO: train loss:0.8865
2022-12-15 14:23:38,329 - INFO: train loss:1.4737
2022-12-15 14:23:44,441 - INFO: train loss:1.3701
2022-12-15 14:23:47,858 - INFO: train loss:1.1306	train accuracy:0.5913
2022-12-15 14:23:48,694 - INFO: val loss:1.0370	val accuracy:0.5862
2022-12-15 14:23:48,897 - INFO: train loss:1.3463
2022-12-15 14:23:54,522 - INFO: train loss:0.9697
2022-12-15 14:24:00,113 - INFO: train loss:0.8455
2022-12-15 14:24:05,942 - INFO: train loss:1.4443
2022-12-15 14:24:09,067 - INFO: train loss:1.0876	train accuracy:0.5930
2022-12-15 14:24:09,896 - INFO: val loss:0.9329	val accuracy:0.6034
2022-12-15 14:24:10,042 - INFO: train loss:0.8046
2022-12-15 14:24:15,470 - INFO: train loss:0.9010
2022-12-15 14:24:21,129 - INFO: train loss:0.9753
2022-12-15 14:24:26,706 - INFO: train loss:2.2460
2022-12-15 14:24:29,980 - INFO: train loss:1.0544	train accuracy:0.6157
2022-12-15 14:24:30,779 - INFO: val loss:0.9381	val accuracy:0.5862
2022-12-15 14:24:30,942 - INFO: train loss:0.8366
2022-12-15 14:24:36,886 - INFO: train loss:0.8960
2022-12-15 14:24:42,731 - INFO: train loss:0.6637
2022-12-15 14:24:48,746 - INFO: train loss:1.0166
2022-12-15 14:24:51,924 - INFO: train loss:1.0107	train accuracy:0.6574
2022-12-15 14:24:52,729 - INFO: val loss:0.8892	val accuracy:0.5862
2022-12-15 14:24:52,861 - INFO: train loss:1.0526
2022-12-15 14:24:58,418 - INFO: train loss:1.3256
2022-12-15 14:25:04,024 - INFO: train loss:1.4723
2022-12-15 14:25:09,593 - INFO: train loss:0.9932
2022-12-15 14:25:12,772 - INFO: train loss:0.9903	train accuracy:0.6191
2022-12-15 14:25:13,631 - INFO: val loss:0.9106	val accuracy:0.6207
2022-12-15 14:25:13,759 - INFO: train loss:0.7085
2022-12-15 14:25:19,363 - INFO: train loss:1.1558
2022-12-15 14:25:25,033 - INFO: train loss:1.1214
2022-12-15 14:25:30,918 - INFO: train loss:0.9266
2022-12-15 14:25:34,071 - INFO: train loss:0.9269	train accuracy:0.6748
2022-12-15 14:25:34,954 - INFO: val loss:0.8982	val accuracy:0.6207
2022-12-15 14:25:35,102 - INFO: train loss:0.8943
2022-12-15 14:25:40,858 - INFO: train loss:0.7783
2022-12-15 14:25:46,530 - INFO: train loss:0.8562
2022-12-15 14:25:52,363 - INFO: train loss:0.9466
2022-12-15 14:25:55,671 - INFO: train loss:0.9385	train accuracy:0.6591
2022-12-15 14:25:56,509 - INFO: val loss:0.8687	val accuracy:0.6207
2022-12-15 14:25:56,678 - INFO: train loss:0.9948
2022-12-15 14:26:02,617 - INFO: train loss:0.6707
2022-12-15 14:26:08,547 - INFO: train loss:0.5080
2022-12-15 14:26:14,469 - INFO: train loss:0.9329
2022-12-15 14:26:17,725 - INFO: train loss:0.8780	train accuracy:0.6765
2022-12-15 14:26:18,522 - INFO: val loss:0.8627	val accuracy:0.6379
2022-12-15 14:26:18,916 - INFO: 成功保存模型
2022-12-15 14:26:19,026 - INFO: train loss:0.6864
2022-12-15 14:26:25,256 - INFO: train loss:1.0914
2022-12-15 14:26:30,829 - INFO: train loss:0.7148
2022-12-15 14:26:36,563 - INFO: train loss:0.8950
2022-12-15 14:26:39,723 - INFO: train loss:0.8905	train accuracy:0.6730
2022-12-15 14:26:40,607 - INFO: val loss:0.8740	val accuracy:0.6552
2022-12-15 14:26:40,941 - INFO: 成功保存模型
2022-12-15 14:26:41,139 - INFO: train loss:1.1296
2022-12-15 14:26:46,707 - INFO: train loss:0.7563
2022-12-15 14:26:52,430 - INFO: train loss:1.0028
2022-12-15 14:26:58,083 - INFO: train loss:0.7954
2022-12-15 14:27:01,583 - INFO: train loss:0.8074	train accuracy:0.7165
2022-12-15 14:27:02,608 - INFO: val loss:0.9109	val accuracy:0.6724
2022-12-15 14:27:03,023 - INFO: 成功保存模型
2022-12-15 14:27:03,164 - INFO: train loss:0.3330
2022-12-15 14:27:09,828 - INFO: train loss:0.9145
2022-12-15 14:27:18,356 - INFO: train loss:1.3265
2022-12-15 14:27:27,029 - INFO: train loss:0.5329
2022-12-15 14:27:30,644 - INFO: train loss:0.7702	train accuracy:0.7200
2022-12-15 14:27:31,885 - INFO: val loss:0.8809	val accuracy:0.6552
2022-12-15 14:27:32,054 - INFO: train loss:0.9243
2022-12-15 14:42:13,110 - INFO: MCPFirst_开始训练 ... 
2022-12-15 14:42:13,401 - INFO: train loss:2.3738
2022-12-15 14:42:18,773 - INFO: train loss:2.1200
2022-12-15 14:42:24,186 - INFO: train loss:2.2740
2022-12-15 14:42:29,464 - INFO: train loss:2.2514
2022-12-15 14:42:32,484 - INFO: train loss:2.1625	train accuracy:0.2939
2022-12-15 14:42:33,070 - INFO: val loss:1.6354	val accuracy:0.3966
2022-12-15 14:42:33,371 - INFO: 成功保存模型
2022-12-15 14:42:33,521 - INFO: train loss:1.8563
2022-12-15 14:42:38,812 - INFO: train loss:1.6141
2022-12-15 14:42:44,134 - INFO: train loss:1.3430
2022-12-15 14:42:49,432 - INFO: train loss:1.4345
2022-12-15 14:42:52,440 - INFO: train loss:1.5612	train accuracy:0.4313
2022-12-15 14:42:53,023 - INFO: val loss:1.1064	val accuracy:0.6034
2022-12-15 14:42:53,317 - INFO: 成功保存模型
2022-12-15 14:42:53,452 - INFO: train loss:0.9168
2022-12-15 14:42:58,901 - INFO: train loss:1.0327
2022-12-15 14:43:04,460 - INFO: train loss:1.8702
2022-12-15 14:43:10,362 - INFO: train loss:1.2563
2022-12-15 14:43:13,679 - INFO: train loss:1.3446	train accuracy:0.5130
2022-12-15 14:43:14,412 - INFO: val loss:1.1269	val accuracy:0.5172
2022-12-15 14:43:14,561 - INFO: train loss:0.7353
2022-12-15 14:43:20,698 - INFO: train loss:1.1332
2022-12-15 14:43:27,061 - INFO: train loss:0.8233
2022-12-15 14:43:33,557 - INFO: train loss:1.3332
2022-12-15 14:43:37,256 - INFO: train loss:1.4516	train accuracy:0.4783
2022-12-15 14:43:38,102 - INFO: val loss:1.4137	val accuracy:0.5345
2022-12-15 14:43:38,310 - INFO: train loss:1.3042
2022-12-15 14:43:45,346 - INFO: train loss:1.9484
2022-12-15 14:43:52,007 - INFO: train loss:0.5288
2022-12-15 14:43:58,880 - INFO: train loss:0.9758
2022-12-15 14:44:02,584 - INFO: train loss:1.3480	train accuracy:0.5200
2022-12-15 14:44:03,341 - INFO: val loss:1.3282	val accuracy:0.5172
2022-12-15 14:44:03,495 - INFO: train loss:1.0271
2022-12-15 14:44:10,246 - INFO: train loss:1.5111
2022-12-15 14:44:17,216 - INFO: train loss:1.3068
2022-12-15 14:44:23,930 - INFO: train loss:1.6591
2022-12-15 14:44:27,884 - INFO: train loss:1.2691	train accuracy:0.5409
2022-12-15 14:44:28,938 - INFO: val loss:1.2859	val accuracy:0.5862
2022-12-15 14:44:29,142 - INFO: train loss:1.8672
2022-12-15 14:44:36,119 - INFO: train loss:1.1764
2022-12-15 14:44:42,848 - INFO: train loss:2.1240
2022-12-15 14:44:49,590 - INFO: train loss:1.3859
2022-12-15 14:44:53,347 - INFO: train loss:1.3926	train accuracy:0.5165
2022-12-15 14:44:54,230 - INFO: val loss:1.4826	val accuracy:0.4655
2022-12-15 14:44:54,444 - INFO: train loss:0.9847
2022-12-15 14:45:01,283 - INFO: train loss:1.0697
2022-12-15 14:45:08,007 - INFO: train loss:1.1319
2022-12-15 14:45:15,178 - INFO: train loss:0.9145
2022-12-15 14:45:19,016 - INFO: train loss:1.2004	train accuracy:0.5496
2022-12-15 14:45:19,713 - INFO: val loss:1.4988	val accuracy:0.5517
2022-12-15 14:45:19,890 - INFO: train loss:1.1647
2022-12-15 14:45:27,616 - INFO: train loss:0.7473
2022-12-15 14:45:34,317 - INFO: train loss:1.0622
2022-12-15 14:45:41,121 - INFO: train loss:0.8822
2022-12-15 14:45:46,791 - INFO: train loss:1.0985	train accuracy:0.6017
2022-12-15 14:45:48,525 - INFO: val loss:1.3041	val accuracy:0.5345
2022-12-15 14:45:48,903 - INFO: train loss:1.9897
2022-12-15 14:45:58,550 - INFO: train loss:0.8630
2022-12-15 14:46:06,332 - INFO: train loss:0.9720
2022-12-15 14:46:14,571 - INFO: train loss:1.4312
2022-12-15 14:46:18,412 - INFO: train loss:1.1341	train accuracy:0.5774
2022-12-15 14:46:19,291 - INFO: val loss:1.2472	val accuracy:0.5517
2022-12-15 14:46:19,499 - INFO: train loss:1.1284
2022-12-15 14:46:29,309 - INFO: train loss:0.7161
2022-12-15 14:46:41,665 - INFO: train loss:0.5932
2022-12-15 14:46:53,302 - INFO: train loss:1.6497
2022-12-15 14:46:58,907 - INFO: train loss:1.1009	train accuracy:0.5861
2022-12-15 14:47:00,054 - INFO: val loss:1.0288	val accuracy:0.6034
2022-12-15 14:47:00,340 - INFO: train loss:0.9860
2022-12-15 14:47:08,295 - INFO: train loss:1.0887
2022-12-15 14:47:15,838 - INFO: train loss:0.6154
2022-12-15 14:47:23,641 - INFO: train loss:1.0721
2022-12-15 14:47:27,663 - INFO: train loss:1.0251	train accuracy:0.5965
2022-12-15 14:47:28,578 - INFO: val loss:1.5568	val accuracy:0.5517
2022-12-15 14:47:28,733 - INFO: train loss:0.6419
2022-12-15 14:47:35,565 - INFO: train loss:0.7216
2022-12-15 14:47:42,428 - INFO: train loss:1.0162
2022-12-15 14:47:49,249 - INFO: train loss:1.0026
2022-12-15 14:47:53,080 - INFO: train loss:0.9332	train accuracy:0.6557
2022-12-15 14:47:53,859 - INFO: val loss:0.9413	val accuracy:0.6207
2022-12-15 14:47:54,233 - INFO: 成功保存模型
2022-12-15 14:47:54,406 - INFO: train loss:0.9132
2022-12-15 14:48:01,170 - INFO: train loss:1.3672
2022-12-15 14:48:07,918 - INFO: train loss:1.1239
2022-12-15 14:48:15,534 - INFO: train loss:1.0243
2022-12-15 14:48:19,601 - INFO: train loss:1.0016	train accuracy:0.6261
2022-12-15 14:48:20,653 - INFO: val loss:0.9171	val accuracy:0.6379
2022-12-15 14:48:21,186 - INFO: 成功保存模型
2022-12-15 14:48:21,403 - INFO: train loss:0.9255
2022-12-15 14:48:28,414 - INFO: train loss:1.2036
2022-12-15 14:48:35,846 - INFO: train loss:1.1366
2022-12-15 14:48:43,352 - INFO: train loss:0.8661
2022-12-15 14:48:49,160 - INFO: train loss:0.9410	train accuracy:0.6557
2022-12-15 14:48:50,775 - INFO: val loss:1.0379	val accuracy:0.5862
2022-12-15 14:48:51,020 - INFO: train loss:0.6780
2022-12-15 14:49:01,326 - INFO: train loss:0.4356
2022-12-15 14:49:14,567 - INFO: train loss:0.4758
2022-12-15 14:49:26,515 - INFO: train loss:0.3450
2022-12-15 14:49:31,847 - INFO: train loss:0.9429	train accuracy:0.6435
2022-12-15 14:49:33,058 - INFO: val loss:1.0066	val accuracy:0.5690
2022-12-15 14:49:33,230 - INFO: train loss:0.8343
2022-12-15 14:49:40,527 - INFO: train loss:0.6647
2022-12-15 14:49:49,443 - INFO: train loss:0.7421
2022-12-15 14:49:58,281 - INFO: train loss:0.7213
2022-12-15 14:50:03,711 - INFO: train loss:0.9066	train accuracy:0.6713
2022-12-15 14:50:04,982 - INFO: val loss:0.8798	val accuracy:0.6034
2022-12-15 14:50:05,170 - INFO: train loss:0.9566
2022-12-15 14:50:14,033 - INFO: train loss:1.2319
2022-12-15 14:50:21,096 - INFO: train loss:0.6812
2022-12-15 14:50:28,041 - INFO: train loss:0.2124
2022-12-15 14:50:33,137 - INFO: train loss:0.8314	train accuracy:0.7217
2022-12-15 14:50:34,578 - INFO: val loss:1.4652	val accuracy:0.5690
2022-12-15 14:50:34,814 - INFO: train loss:0.2252
2022-12-15 14:50:43,060 - INFO: train loss:1.2187
2022-12-15 14:50:51,586 - INFO: train loss:1.0684
2022-12-15 14:51:00,763 - INFO: train loss:1.0079
2022-12-15 14:51:05,505 - INFO: train loss:0.8655	train accuracy:0.6870
2022-12-15 14:51:07,334 - INFO: val loss:1.1157	val accuracy:0.5862
2022-12-15 14:51:07,624 - INFO: train loss:0.8969
2022-12-15 14:51:15,345 - INFO: train loss:1.7850
2022-12-15 14:51:23,336 - INFO: train loss:0.4640
2022-12-15 14:51:30,549 - INFO: train loss:0.4735
2022-12-15 14:51:34,397 - INFO: train loss:1.0040	train accuracy:0.6522
2022-12-15 14:51:35,252 - INFO: val loss:2.6387	val accuracy:0.4483
2022-12-15 14:51:35,512 - INFO: train loss:1.5239
2022-12-15 14:51:42,906 - INFO: train loss:1.8871
2022-12-15 14:51:49,898 - INFO: train loss:0.3536
2022-12-15 14:51:57,032 - INFO: train loss:0.5065
2022-12-15 14:52:01,739 - INFO: train loss:1.1753	train accuracy:0.5739
2022-12-15 14:52:03,560 - INFO: val loss:1.3201	val accuracy:0.4655
2022-12-15 14:52:03,812 - INFO: train loss:1.3909
2022-12-15 14:52:12,308 - INFO: train loss:2.0198
2022-12-15 14:52:20,565 - INFO: train loss:0.4487
2022-12-15 14:52:27,905 - INFO: train loss:1.0337
2022-12-15 14:52:33,436 - INFO: train loss:1.2159	train accuracy:0.5600
2022-12-15 14:52:35,024 - INFO: val loss:1.6593	val accuracy:0.4655
2022-12-15 14:52:35,404 - INFO: train loss:2.1375
2022-12-15 14:52:44,866 - INFO: train loss:0.9313
2022-12-15 14:52:53,386 - INFO: train loss:0.4375
2022-12-15 14:53:02,425 - INFO: train loss:0.5186
2022-12-15 14:53:07,607 - INFO: train loss:1.1343	train accuracy:0.5913
2022-12-15 14:53:09,027 - INFO: val loss:1.4022	val accuracy:0.5000
2022-12-15 14:53:09,203 - INFO: train loss:0.8253
2022-12-15 14:53:16,403 - INFO: train loss:0.4771
2022-12-15 14:53:23,282 - INFO: train loss:0.6004
2022-12-15 14:53:30,123 - INFO: train loss:0.4249
2022-12-15 14:53:33,901 - INFO: train loss:0.9863	train accuracy:0.6557
2022-12-15 14:53:34,920 - INFO: val loss:0.8799	val accuracy:0.6897
2022-12-15 14:53:35,261 - INFO: 成功保存模型
2022-12-15 14:53:35,442 - INFO: train loss:0.7777
2022-12-15 14:53:44,536 - INFO: train loss:0.5758
2022-12-15 14:53:53,111 - INFO: train loss:0.8115
2022-12-15 14:54:02,147 - INFO: train loss:1.4736
2022-12-15 14:54:07,610 - INFO: train loss:0.9389	train accuracy:0.6539
2022-12-15 14:54:08,857 - INFO: val loss:0.9265	val accuracy:0.5690
2022-12-15 14:54:09,098 - INFO: train loss:0.2700
2022-12-15 14:54:18,434 - INFO: train loss:0.4109
2022-12-15 14:54:27,290 - INFO: train loss:0.7906
2022-12-15 14:54:36,476 - INFO: train loss:0.9365
2022-12-15 14:54:40,821 - INFO: train loss:0.7787	train accuracy:0.7026
2022-12-15 14:54:41,683 - INFO: val loss:0.7977	val accuracy:0.6724
2022-12-15 14:54:41,963 - INFO: train loss:0.9411
2022-12-15 14:54:48,879 - INFO: train loss:1.2570
2022-12-15 14:54:55,649 - INFO: train loss:0.1155
2022-12-15 14:55:04,937 - INFO: train loss:0.7009
2022-12-15 14:55:09,892 - INFO: train loss:0.6616	train accuracy:0.7687
2022-12-15 14:55:10,836 - INFO: val loss:0.9827	val accuracy:0.6379
2022-12-15 14:55:11,029 - INFO: train loss:1.1954
2022-12-15 14:55:18,027 - INFO: train loss:0.2940
2022-12-15 14:55:27,305 - INFO: train loss:0.5003
2022-12-15 14:55:36,640 - INFO: train loss:0.7699
2022-12-15 14:55:41,716 - INFO: train loss:0.6225	train accuracy:0.7757
2022-12-15 14:55:42,767 - INFO: val loss:1.0074	val accuracy:0.6552
2022-12-15 14:55:42,974 - INFO: train loss:0.7759
2022-12-15 14:55:50,146 - INFO: train loss:0.7584
2022-12-15 14:55:59,113 - INFO: train loss:0.3209
2022-12-15 14:56:08,777 - INFO: train loss:0.3462
2022-12-15 14:56:12,664 - INFO: train loss:0.6191	train accuracy:0.7635
2022-12-15 14:56:13,812 - INFO: val loss:0.9700	val accuracy:0.6207
2022-12-15 14:56:14,007 - INFO: train loss:0.4397
2022-12-15 14:56:22,716 - INFO: train loss:1.0504
2022-12-15 14:56:31,887 - INFO: train loss:0.5348
2022-12-15 14:56:41,148 - INFO: train loss:0.5947
2022-12-15 14:56:45,340 - INFO: train loss:0.6395	train accuracy:0.7704
2022-12-15 14:56:46,353 - INFO: val loss:1.0252	val accuracy:0.6207
2022-12-15 14:56:46,568 - INFO: train loss:0.3960
2022-12-15 14:56:55,528 - INFO: train loss:0.8089
2022-12-15 14:57:04,681 - INFO: train loss:0.3567
2022-12-15 14:57:13,731 - INFO: train loss:0.8536
2022-12-15 14:57:18,754 - INFO: train loss:0.6658	train accuracy:0.7530
2022-12-15 14:57:20,147 - INFO: val loss:1.0845	val accuracy:0.5862
2022-12-15 14:57:20,348 - INFO: train loss:0.9516
2022-12-15 14:57:29,029 - INFO: train loss:0.7533
2022-12-15 14:57:37,358 - INFO: train loss:0.9827
2022-12-15 14:57:46,053 - INFO: train loss:0.6277
2022-12-15 14:57:50,528 - INFO: train loss:0.6164	train accuracy:0.7774
2022-12-15 14:57:51,457 - INFO: val loss:1.2460	val accuracy:0.5345
2022-12-15 14:57:51,651 - INFO: train loss:0.7256
2022-12-15 14:57:58,871 - INFO: train loss:1.1818
2022-12-15 14:58:07,102 - INFO: train loss:0.3135
2022-12-15 14:58:15,734 - INFO: train loss:0.3561
2022-12-15 14:58:20,158 - INFO: train loss:0.7600	train accuracy:0.7270
2022-12-15 14:58:21,741 - INFO: val loss:1.0830	val accuracy:0.6207
2022-12-15 14:58:22,104 - INFO: train loss:0.8538
2022-12-15 14:58:31,289 - INFO: train loss:1.1760
2022-12-15 14:58:39,722 - INFO: train loss:0.4092
2022-12-15 14:58:48,097 - INFO: train loss:0.7459
2022-12-15 14:58:53,387 - INFO: train loss:0.7443	train accuracy:0.7287
2022-12-15 14:58:54,344 - INFO: val loss:1.0426	val accuracy:0.6552
2022-12-15 14:58:54,545 - INFO: train loss:0.6263
2022-12-15 14:59:01,356 - INFO: train loss:0.2877
2022-12-15 14:59:09,939 - INFO: train loss:0.3131
2022-12-15 14:59:19,854 - INFO: train loss:0.7965
2022-12-15 14:59:24,564 - INFO: train loss:0.5921	train accuracy:0.7861
2022-12-15 14:59:25,724 - INFO: val loss:0.8831	val accuracy:0.6552
2022-12-15 14:59:25,908 - INFO: train loss:0.9428
2022-12-15 14:59:34,244 - INFO: train loss:0.6842
2022-12-15 14:59:44,125 - INFO: train loss:0.3758
2022-12-15 14:59:52,199 - INFO: train loss:0.3794
2022-12-15 14:59:58,182 - INFO: train loss:0.5206	train accuracy:0.8296
2022-12-15 14:59:59,788 - INFO: val loss:1.0172	val accuracy:0.6034
2022-12-15 14:59:59,983 - INFO: train loss:0.3356
2022-12-15 15:00:09,446 - INFO: train loss:0.7692
2022-12-15 15:00:17,756 - INFO: train loss:0.6139
2022-12-15 15:00:26,699 - INFO: train loss:0.1720
2022-12-15 15:00:31,509 - INFO: train loss:0.5375	train accuracy:0.8017
2022-12-15 15:00:32,663 - INFO: val loss:0.9435	val accuracy:0.6207
2022-12-15 15:00:32,907 - INFO: train loss:0.4460
2022-12-15 15:00:41,783 - INFO: train loss:0.1586
2022-12-15 15:00:49,734 - INFO: train loss:0.5712
2022-12-15 15:00:57,829 - INFO: train loss:0.3165
2022-12-15 15:01:02,247 - INFO: train loss:0.5048	train accuracy:0.8174
2022-12-15 15:01:03,109 - INFO: val loss:1.2286	val accuracy:0.6034
2022-12-15 15:01:03,293 - INFO: train loss:0.4671
2022-12-15 15:01:10,483 - INFO: train loss:1.7092
2022-12-15 15:01:17,391 - INFO: train loss:0.8369
2022-12-15 15:01:24,856 - INFO: train loss:0.4617
2022-12-15 15:01:30,608 - INFO: train loss:0.5032	train accuracy:0.8348
2022-12-15 15:01:31,877 - INFO: val loss:0.8821	val accuracy:0.6552
2022-12-15 15:01:32,145 - INFO: train loss:0.6947
2022-12-15 15:01:38,993 - INFO: train loss:0.8094
2022-12-15 15:01:46,226 - INFO: train loss:0.1898
2022-12-15 15:01:53,022 - INFO: train loss:0.4225
2022-12-15 15:01:56,847 - INFO: train loss:0.4925	train accuracy:0.8174
2022-12-15 15:01:57,729 - INFO: val loss:0.9385	val accuracy:0.6379
2022-12-15 15:01:59,366 - INFO: DIPFirst_开始训练 ... 
2022-12-15 15:01:59,366 - INFO: DIPFirst_开始训练 ... 
2022-12-15 15:01:59,748 - INFO: train loss:2.3995
2022-12-15 15:01:59,748 - INFO: train loss:2.3995
2022-12-15 15:02:06,984 - INFO: train loss:2.3363
2022-12-15 15:02:06,984 - INFO: train loss:2.3363
2022-12-15 15:02:14,711 - INFO: train loss:1.9328
2022-12-15 15:02:14,711 - INFO: train loss:1.9328
2022-12-15 15:02:21,687 - INFO: train loss:1.6195
2022-12-15 15:02:21,687 - INFO: train loss:1.6195
2022-12-15 15:02:25,446 - INFO: train loss:2.0387	train accuracy:0.2897
2022-12-15 15:02:25,446 - INFO: train loss:2.0387	train accuracy:0.2897
2022-12-15 15:02:26,302 - INFO: val loss:1.8141	val accuracy:0.4068
2022-12-15 15:02:26,302 - INFO: val loss:1.8141	val accuracy:0.4068
2022-12-15 15:02:26,698 - INFO: 成功保存模型
2022-12-15 15:02:26,698 - INFO: 成功保存模型
2022-12-15 15:02:26,868 - INFO: train loss:1.8065
2022-12-15 15:02:26,868 - INFO: train loss:1.8065
2022-12-15 15:02:33,793 - INFO: train loss:1.8274
2022-12-15 15:02:33,793 - INFO: train loss:1.8274
2022-12-15 15:02:40,551 - INFO: train loss:1.7283
2022-12-15 15:02:40,551 - INFO: train loss:1.7283
2022-12-15 15:02:47,487 - INFO: train loss:1.5927
2022-12-15 15:02:47,487 - INFO: train loss:1.5927
2022-12-15 15:02:52,446 - INFO: train loss:1.6946	train accuracy:0.4241
2022-12-15 15:02:52,446 - INFO: train loss:1.6946	train accuracy:0.4241
2022-12-15 15:02:53,536 - INFO: val loss:1.3967	val accuracy:0.4068
2022-12-15 15:02:53,536 - INFO: val loss:1.3967	val accuracy:0.4068
2022-12-15 15:02:53,759 - INFO: train loss:1.6515
2022-12-15 15:02:53,759 - INFO: train loss:1.6515
2022-12-15 15:03:00,610 - INFO: train loss:1.3967
2022-12-15 15:03:00,610 - INFO: train loss:1.3967
2022-12-15 15:03:07,285 - INFO: train loss:1.3504
2022-12-15 15:03:07,285 - INFO: train loss:1.3504
2022-12-15 15:03:13,967 - INFO: train loss:2.3337
2022-12-15 15:03:13,967 - INFO: train loss:2.3337
2022-12-15 15:03:17,660 - INFO: train loss:1.7416	train accuracy:0.3682
2022-12-15 15:03:17,660 - INFO: train loss:1.7416	train accuracy:0.3682
2022-12-15 15:03:18,403 - INFO: val loss:1.7026	val accuracy:0.3898
2022-12-15 15:03:18,403 - INFO: val loss:1.7026	val accuracy:0.3898
2022-12-15 15:03:18,557 - INFO: train loss:2.1166
2022-12-15 15:03:18,557 - INFO: train loss:2.1166
2022-12-15 15:03:25,354 - INFO: train loss:1.7140
2022-12-15 15:03:25,354 - INFO: train loss:1.7140
2022-12-15 15:03:32,792 - INFO: train loss:1.8415
2022-12-15 15:03:32,792 - INFO: train loss:1.8415
2022-12-15 15:03:39,527 - INFO: train loss:2.0385
2022-12-15 15:03:39,527 - INFO: train loss:2.0385
2022-12-15 15:03:43,359 - INFO: train loss:1.6467	train accuracy:0.4188
2022-12-15 15:03:43,359 - INFO: train loss:1.6467	train accuracy:0.4188
2022-12-15 15:03:44,174 - INFO: val loss:1.7466	val accuracy:0.4915
2022-12-15 15:03:44,174 - INFO: val loss:1.7466	val accuracy:0.4915
2022-12-15 15:03:44,432 - INFO: 成功保存模型
2022-12-15 15:03:44,432 - INFO: 成功保存模型
2022-12-15 15:03:44,581 - INFO: train loss:2.3403
2022-12-15 15:03:44,581 - INFO: train loss:2.3403
2022-12-15 15:03:51,787 - INFO: train loss:1.9844
2022-12-15 15:03:51,787 - INFO: train loss:1.9844
2022-12-15 15:03:58,849 - INFO: train loss:1.1245
2022-12-15 15:03:58,849 - INFO: train loss:1.1245
2022-12-15 15:04:06,744 - INFO: train loss:1.4432
2022-12-15 15:04:06,744 - INFO: train loss:1.4432
2022-12-15 15:04:11,451 - INFO: train loss:1.5539	train accuracy:0.4223
2022-12-15 15:04:11,451 - INFO: train loss:1.5539	train accuracy:0.4223
2022-12-15 15:04:12,505 - INFO: val loss:1.3608	val accuracy:0.4237
2022-12-15 15:04:12,505 - INFO: val loss:1.3608	val accuracy:0.4237
2022-12-15 15:04:12,865 - INFO: train loss:1.6609
2022-12-15 15:04:12,865 - INFO: train loss:1.6609
2022-12-15 15:04:20,415 - INFO: train loss:0.7618
2022-12-15 15:04:20,415 - INFO: train loss:0.7618
2022-12-15 15:04:28,237 - INFO: train loss:1.2011
2022-12-15 15:04:28,237 - INFO: train loss:1.2011
2022-12-15 15:04:35,197 - INFO: train loss:1.0032
2022-12-15 15:04:35,197 - INFO: train loss:1.0032
2022-12-15 15:04:38,938 - INFO: train loss:1.4520	train accuracy:0.4660
2022-12-15 15:04:38,938 - INFO: train loss:1.4520	train accuracy:0.4660
2022-12-15 15:04:39,657 - INFO: val loss:1.7275	val accuracy:0.4407
2022-12-15 15:04:39,657 - INFO: val loss:1.7275	val accuracy:0.4407
2022-12-15 15:04:39,881 - INFO: train loss:1.4770
2022-12-15 15:04:39,881 - INFO: train loss:1.4770
2022-12-15 15:04:46,619 - INFO: train loss:1.0929
2022-12-15 15:04:46,619 - INFO: train loss:1.0929
2022-12-15 15:04:53,464 - INFO: train loss:1.4311
2022-12-15 15:04:53,464 - INFO: train loss:1.4311
2022-12-15 15:05:00,177 - INFO: train loss:1.4718
2022-12-15 15:05:00,177 - INFO: train loss:1.4718
2022-12-15 15:05:04,818 - INFO: train loss:1.4112	train accuracy:0.4939
2022-12-15 15:05:04,818 - INFO: train loss:1.4112	train accuracy:0.4939
2022-12-15 15:05:06,063 - INFO: val loss:1.4863	val accuracy:0.4915
2022-12-15 15:05:06,063 - INFO: val loss:1.4863	val accuracy:0.4915
2022-12-15 15:05:06,263 - INFO: train loss:1.0225
2022-12-15 15:05:06,263 - INFO: train loss:1.0225
2022-12-15 15:05:12,957 - INFO: train loss:1.1953
2022-12-15 15:05:12,957 - INFO: train loss:1.1953
2022-12-15 15:05:19,636 - INFO: train loss:1.5443
2022-12-15 15:05:19,636 - INFO: train loss:1.5443
2022-12-15 15:05:26,330 - INFO: train loss:1.2419
2022-12-15 15:05:26,330 - INFO: train loss:1.2419
2022-12-15 15:05:30,029 - INFO: train loss:1.3266	train accuracy:0.5009
2022-12-15 15:05:30,029 - INFO: train loss:1.3266	train accuracy:0.5009
2022-12-15 15:05:30,773 - INFO: val loss:1.4404	val accuracy:0.4746
2022-12-15 15:05:30,773 - INFO: val loss:1.4404	val accuracy:0.4746
2022-12-15 15:05:30,958 - INFO: train loss:1.4512
2022-12-15 15:05:30,958 - INFO: train loss:1.4512
2022-12-15 15:05:37,811 - INFO: train loss:0.9380
2022-12-15 15:05:37,811 - INFO: train loss:0.9380
2022-12-15 15:05:45,509 - INFO: train loss:1.4555
2022-12-15 15:05:45,509 - INFO: train loss:1.4555
2022-12-15 15:05:52,219 - INFO: train loss:1.5788
2022-12-15 15:05:52,219 - INFO: train loss:1.5788
2022-12-15 15:05:56,108 - INFO: train loss:1.4001	train accuracy:0.4956
2022-12-15 15:05:56,108 - INFO: train loss:1.4001	train accuracy:0.4956
2022-12-15 15:05:56,881 - INFO: val loss:1.6616	val accuracy:0.3729
2022-12-15 15:05:56,881 - INFO: val loss:1.6616	val accuracy:0.3729
2022-12-15 15:05:57,057 - INFO: train loss:1.5078
2022-12-15 15:05:57,057 - INFO: train loss:1.5078
2022-12-15 15:06:04,186 - INFO: train loss:2.8128
2022-12-15 15:06:04,186 - INFO: train loss:2.8128
2022-12-15 15:06:10,873 - INFO: train loss:0.8062
2022-12-15 15:06:10,873 - INFO: train loss:0.8062
2022-12-15 15:06:17,963 - INFO: train loss:1.4008
2022-12-15 15:06:17,963 - INFO: train loss:1.4008
2022-12-15 15:06:21,677 - INFO: train loss:1.3990	train accuracy:0.4799
2022-12-15 15:06:21,677 - INFO: train loss:1.3990	train accuracy:0.4799
2022-12-15 15:06:22,418 - INFO: val loss:1.3480	val accuracy:0.4915
2022-12-15 15:06:22,418 - INFO: val loss:1.3480	val accuracy:0.4915
2022-12-15 15:06:22,589 - INFO: train loss:0.7938
2022-12-15 15:06:22,589 - INFO: train loss:0.7938
2022-12-15 15:06:29,300 - INFO: train loss:1.1573
2022-12-15 15:06:29,300 - INFO: train loss:1.1573
2022-12-15 15:06:36,042 - INFO: train loss:0.8815
2022-12-15 15:06:36,042 - INFO: train loss:0.8815
2022-12-15 15:06:42,747 - INFO: train loss:1.5399
2022-12-15 15:06:42,747 - INFO: train loss:1.5399
2022-12-15 15:06:46,554 - INFO: train loss:1.2504	train accuracy:0.5480
2022-12-15 15:06:46,554 - INFO: train loss:1.2504	train accuracy:0.5480
2022-12-15 15:06:47,474 - INFO: val loss:1.2744	val accuracy:0.4576
2022-12-15 15:06:47,474 - INFO: val loss:1.2744	val accuracy:0.4576
2022-12-15 15:06:47,659 - INFO: train loss:1.0695
2022-12-15 15:06:47,659 - INFO: train loss:1.0695
2022-12-15 15:06:54,379 - INFO: train loss:1.4343
2022-12-15 15:06:54,379 - INFO: train loss:1.4343
2022-12-15 15:07:01,076 - INFO: train loss:1.4420
2022-12-15 15:07:01,076 - INFO: train loss:1.4420
2022-12-15 15:07:07,786 - INFO: train loss:1.3413
2022-12-15 15:07:07,786 - INFO: train loss:1.3413
2022-12-15 15:07:11,535 - INFO: train loss:1.1135	train accuracy:0.5707
2022-12-15 15:07:11,535 - INFO: train loss:1.1135	train accuracy:0.5707
2022-12-15 15:07:12,300 - INFO: val loss:1.6598	val accuracy:0.4068
2022-12-15 15:07:12,300 - INFO: val loss:1.6598	val accuracy:0.4068
2022-12-15 15:07:12,512 - INFO: train loss:1.6421
2022-12-15 15:07:12,512 - INFO: train loss:1.6421
2022-12-15 15:07:19,426 - INFO: train loss:0.7525
2022-12-15 15:07:19,426 - INFO: train loss:0.7525
2022-12-15 15:07:26,099 - INFO: train loss:1.0174
2022-12-15 15:07:26,099 - INFO: train loss:1.0174
2022-12-15 15:07:33,018 - INFO: train loss:0.6405
2022-12-15 15:07:33,018 - INFO: train loss:0.6405
2022-12-15 15:07:37,226 - INFO: train loss:1.3025	train accuracy:0.5340
2022-12-15 15:07:37,226 - INFO: train loss:1.3025	train accuracy:0.5340
2022-12-15 15:07:38,221 - INFO: val loss:1.4146	val accuracy:0.5254
2022-12-15 15:07:38,221 - INFO: val loss:1.4146	val accuracy:0.5254
2022-12-15 15:07:38,554 - INFO: 成功保存模型
2022-12-15 15:07:38,554 - INFO: 成功保存模型
2022-12-15 15:07:38,724 - INFO: train loss:1.4929
2022-12-15 15:07:38,724 - INFO: train loss:1.4929
2022-12-15 15:07:46,416 - INFO: train loss:2.5833
2022-12-15 15:07:46,416 - INFO: train loss:2.5833
2022-12-15 15:07:54,121 - INFO: train loss:0.4050
2022-12-15 15:07:54,121 - INFO: train loss:0.4050
2022-12-15 15:08:00,875 - INFO: train loss:1.7930
2022-12-15 15:08:00,875 - INFO: train loss:1.7930
2022-12-15 15:08:04,639 - INFO: train loss:1.2536	train accuracy:0.5358
2022-12-15 15:08:04,639 - INFO: train loss:1.2536	train accuracy:0.5358
2022-12-15 15:08:05,440 - INFO: val loss:1.0814	val accuracy:0.6441
2022-12-15 15:08:05,440 - INFO: val loss:1.0814	val accuracy:0.6441
2022-12-15 15:08:05,751 - INFO: 成功保存模型
2022-12-15 15:08:05,751 - INFO: 成功保存模型
2022-12-15 15:08:05,904 - INFO: train loss:0.9704
2022-12-15 15:08:05,904 - INFO: train loss:0.9704
2022-12-15 15:08:12,715 - INFO: train loss:1.3445
2022-12-15 15:08:12,715 - INFO: train loss:1.3445
2022-12-15 15:08:19,502 - INFO: train loss:1.2152
2022-12-15 15:08:19,502 - INFO: train loss:1.2152
2022-12-15 15:08:26,205 - INFO: train loss:1.4460
2022-12-15 15:08:26,205 - INFO: train loss:1.4460
2022-12-15 15:08:29,913 - INFO: train loss:1.1200	train accuracy:0.5794
2022-12-15 15:08:29,913 - INFO: train loss:1.1200	train accuracy:0.5794
2022-12-15 15:08:30,600 - INFO: val loss:1.4455	val accuracy:0.4746
2022-12-15 15:08:30,600 - INFO: val loss:1.4455	val accuracy:0.4746
2022-12-15 15:08:30,769 - INFO: train loss:0.8232
2022-12-15 15:08:30,769 - INFO: train loss:0.8232
2022-12-15 15:08:37,481 - INFO: train loss:0.9208
2022-12-15 15:08:37,481 - INFO: train loss:0.9208
2022-12-15 15:08:44,234 - INFO: train loss:0.5857
2022-12-15 15:08:44,234 - INFO: train loss:0.5857
2022-12-15 15:08:51,026 - INFO: train loss:1.3398
2022-12-15 15:08:51,026 - INFO: train loss:1.3398
2022-12-15 15:08:54,833 - INFO: train loss:1.0885	train accuracy:0.6056
2022-12-15 15:08:54,833 - INFO: train loss:1.0885	train accuracy:0.6056
2022-12-15 15:08:55,662 - INFO: val loss:1.3463	val accuracy:0.6102
2022-12-15 15:08:55,662 - INFO: val loss:1.3463	val accuracy:0.6102
2022-12-15 15:08:55,834 - INFO: train loss:0.6042
2022-12-15 15:08:55,834 - INFO: train loss:0.6042
2022-12-15 15:09:02,621 - INFO: train loss:1.2055
2022-12-15 15:09:02,621 - INFO: train loss:1.2055
2022-12-15 15:09:09,366 - INFO: train loss:1.2871
2022-12-15 15:09:09,366 - INFO: train loss:1.2871
2022-12-15 15:09:18,913 - INFO: train loss:0.5572
2022-12-15 15:09:18,913 - INFO: train loss:0.5572
2022-12-15 15:09:24,683 - INFO: train loss:1.1569	train accuracy:0.5724
2022-12-15 15:09:24,683 - INFO: train loss:1.1569	train accuracy:0.5724
2022-12-15 15:09:25,994 - INFO: val loss:1.3140	val accuracy:0.5254
2022-12-15 15:09:25,994 - INFO: val loss:1.3140	val accuracy:0.5254
2022-12-15 15:09:26,246 - INFO: train loss:1.0043
2022-12-15 15:09:26,246 - INFO: train loss:1.0043
2022-12-15 15:09:33,168 - INFO: train loss:1.1180
2022-12-15 15:09:33,168 - INFO: train loss:1.1180
2022-12-15 15:09:40,010 - INFO: train loss:0.6541
2022-12-15 15:09:40,010 - INFO: train loss:0.6541
2022-12-15 15:09:46,821 - INFO: train loss:0.4946
2022-12-15 15:09:46,821 - INFO: train loss:0.4946
2022-12-15 15:09:50,776 - INFO: train loss:1.0913	train accuracy:0.5864
2022-12-15 15:09:50,776 - INFO: train loss:1.0913	train accuracy:0.5864
2022-12-15 15:09:51,618 - INFO: val loss:1.2855	val accuracy:0.5424
2022-12-15 15:09:51,618 - INFO: val loss:1.2855	val accuracy:0.5424
2022-12-15 15:09:51,807 - INFO: train loss:1.4515
2022-12-15 15:09:51,807 - INFO: train loss:1.4515
2022-12-15 15:09:58,527 - INFO: train loss:0.9168
2022-12-15 15:09:58,527 - INFO: train loss:0.9168
2022-12-15 15:10:05,761 - INFO: train loss:0.7535
2022-12-15 15:10:05,761 - INFO: train loss:0.7535
2022-12-15 15:10:12,520 - INFO: train loss:0.6866
2022-12-15 15:10:12,520 - INFO: train loss:0.6866
2022-12-15 15:10:19,277 - INFO: train loss:1.1072	train accuracy:0.6091
2022-12-15 15:10:19,277 - INFO: train loss:1.1072	train accuracy:0.6091
2022-12-15 15:10:20,327 - INFO: val loss:1.5580	val accuracy:0.4068
2022-12-15 15:10:20,327 - INFO: val loss:1.5580	val accuracy:0.4068
2022-12-15 15:10:20,591 - INFO: train loss:0.8573
2022-12-15 15:10:20,591 - INFO: train loss:0.8573
2022-12-15 15:10:28,449 - INFO: train loss:1.4439
2022-12-15 15:10:28,449 - INFO: train loss:1.4439
2022-12-15 15:10:36,418 - INFO: train loss:0.9300
2022-12-15 15:10:36,418 - INFO: train loss:0.9300
2022-12-15 15:10:43,683 - INFO: train loss:1.1224
2022-12-15 15:10:43,683 - INFO: train loss:1.1224
2022-12-15 15:10:47,660 - INFO: train loss:1.0558	train accuracy:0.6073
2022-12-15 15:10:47,660 - INFO: train loss:1.0558	train accuracy:0.6073
2022-12-15 15:10:48,831 - INFO: val loss:1.6010	val accuracy:0.4576
2022-12-15 15:10:48,831 - INFO: val loss:1.6010	val accuracy:0.4576
2022-12-15 15:10:49,038 - INFO: train loss:1.1445
2022-12-15 15:10:49,038 - INFO: train loss:1.1445
2022-12-15 15:10:56,226 - INFO: train loss:1.2664
2022-12-15 15:10:56,226 - INFO: train loss:1.2664
2022-12-15 15:11:03,354 - INFO: train loss:0.6829
2022-12-15 15:11:03,354 - INFO: train loss:0.6829
2022-12-15 15:11:11,353 - INFO: train loss:0.9460
2022-12-15 15:11:11,353 - INFO: train loss:0.9460
2022-12-15 15:11:15,401 - INFO: train loss:1.0503	train accuracy:0.6248
2022-12-15 15:11:15,401 - INFO: train loss:1.0503	train accuracy:0.6248
2022-12-15 15:11:16,293 - INFO: val loss:1.6173	val accuracy:0.3390
2022-12-15 15:11:16,293 - INFO: val loss:1.6173	val accuracy:0.3390
2022-12-15 15:11:16,508 - INFO: train loss:0.8414
2022-12-15 15:11:16,508 - INFO: train loss:0.8414
2022-12-15 15:11:23,357 - INFO: train loss:0.7057
2022-12-15 15:11:23,357 - INFO: train loss:0.7057
2022-12-15 15:11:30,208 - INFO: train loss:0.6273
2022-12-15 15:11:30,208 - INFO: train loss:0.6273
2022-12-15 15:11:40,199 - INFO: train loss:1.0258
2022-12-15 15:11:40,199 - INFO: train loss:1.0258
2022-12-15 15:11:46,489 - INFO: train loss:1.0568	train accuracy:0.6056
2022-12-15 15:11:46,489 - INFO: train loss:1.0568	train accuracy:0.6056
2022-12-15 15:11:48,115 - INFO: val loss:1.4881	val accuracy:0.4576
2022-12-15 15:11:48,115 - INFO: val loss:1.4881	val accuracy:0.4576
2022-12-15 15:11:48,359 - INFO: train loss:1.1205
2022-12-15 15:11:48,359 - INFO: train loss:1.1205
2022-12-15 15:11:57,642 - INFO: train loss:0.5931
2022-12-15 15:11:57,642 - INFO: train loss:0.5931
2022-12-15 15:12:04,870 - INFO: train loss:0.5637
2022-12-15 15:12:04,870 - INFO: train loss:0.5637
2022-12-15 15:12:12,164 - INFO: train loss:2.5976
2022-12-15 15:12:12,164 - INFO: train loss:2.5976
2022-12-15 15:12:16,114 - INFO: train loss:0.9975	train accuracy:0.6370
2022-12-15 15:12:16,114 - INFO: train loss:0.9975	train accuracy:0.6370
2022-12-15 15:12:17,037 - INFO: val loss:1.6982	val accuracy:0.3898
2022-12-15 15:12:17,037 - INFO: val loss:1.6982	val accuracy:0.3898
2022-12-15 15:12:17,236 - INFO: train loss:1.1759
2022-12-15 15:12:17,236 - INFO: train loss:1.1759
2022-12-15 15:12:25,477 - INFO: train loss:1.4390
2022-12-15 15:12:25,477 - INFO: train loss:1.4390
2022-12-15 15:12:34,343 - INFO: train loss:0.7661
2022-12-15 15:12:34,343 - INFO: train loss:0.7661
2022-12-15 15:12:41,451 - INFO: train loss:1.5631
2022-12-15 15:12:41,451 - INFO: train loss:1.5631
2022-12-15 15:12:45,303 - INFO: train loss:1.0499	train accuracy:0.6108
2022-12-15 15:12:45,303 - INFO: train loss:1.0499	train accuracy:0.6108
2022-12-15 15:12:46,002 - INFO: val loss:1.4314	val accuracy:0.4915
2022-12-15 15:12:46,002 - INFO: val loss:1.4314	val accuracy:0.4915
2022-12-15 15:12:46,170 - INFO: train loss:0.9847
2022-12-15 15:12:46,170 - INFO: train loss:0.9847
2022-12-15 15:12:53,082 - INFO: train loss:0.7346
2022-12-15 15:12:53,082 - INFO: train loss:0.7346
2022-12-15 15:13:01,041 - INFO: train loss:0.6641
2022-12-15 15:13:01,041 - INFO: train loss:0.6641
2022-12-15 15:13:07,946 - INFO: train loss:1.2485
2022-12-15 15:13:07,946 - INFO: train loss:1.2485
2022-12-15 15:13:11,815 - INFO: train loss:0.9924	train accuracy:0.6335
2022-12-15 15:13:11,815 - INFO: train loss:0.9924	train accuracy:0.6335
2022-12-15 15:13:12,664 - INFO: val loss:1.3116	val accuracy:0.4746
2022-12-15 15:13:12,664 - INFO: val loss:1.3116	val accuracy:0.4746
2022-12-15 15:13:12,881 - INFO: train loss:0.3347
2022-12-15 15:13:12,881 - INFO: train loss:0.3347
2022-12-15 15:13:19,595 - INFO: train loss:0.6986
2022-12-15 15:13:19,595 - INFO: train loss:0.6986
2022-12-15 15:13:26,297 - INFO: train loss:0.6006
2022-12-15 15:13:26,297 - INFO: train loss:0.6006
2022-12-15 15:13:33,007 - INFO: train loss:0.8254
2022-12-15 15:13:33,007 - INFO: train loss:0.8254
2022-12-15 15:13:36,730 - INFO: train loss:0.8981	train accuracy:0.6789
2022-12-15 15:13:36,730 - INFO: train loss:0.8981	train accuracy:0.6789
2022-12-15 15:13:37,415 - INFO: val loss:1.1244	val accuracy:0.5254
2022-12-15 15:13:37,415 - INFO: val loss:1.1244	val accuracy:0.5254
2022-12-15 15:13:37,590 - INFO: train loss:0.7183
2022-12-15 15:13:37,590 - INFO: train loss:0.7183
2022-12-15 15:13:44,329 - INFO: train loss:0.5494
2022-12-15 15:13:44,329 - INFO: train loss:0.5494
2022-12-15 15:13:51,577 - INFO: train loss:1.0284
2022-12-15 15:13:51,577 - INFO: train loss:1.0284
2022-12-15 15:13:58,719 - INFO: train loss:0.6535
2022-12-15 15:13:58,719 - INFO: train loss:0.6535
2022-12-15 15:14:02,453 - INFO: train loss:0.8267	train accuracy:0.6806
2022-12-15 15:14:02,453 - INFO: train loss:0.8267	train accuracy:0.6806
2022-12-15 15:14:03,187 - INFO: val loss:1.2040	val accuracy:0.4915
2022-12-15 15:14:03,187 - INFO: val loss:1.2040	val accuracy:0.4915
2022-12-15 15:14:03,363 - INFO: train loss:0.5894
2022-12-15 15:14:03,363 - INFO: train loss:0.5894
2022-12-15 15:14:10,044 - INFO: train loss:0.5465
2022-12-15 15:14:10,044 - INFO: train loss:0.5465
2022-12-15 15:14:16,712 - INFO: train loss:1.6669
2022-12-15 15:14:16,712 - INFO: train loss:1.6669
2022-12-15 15:14:23,412 - INFO: train loss:1.1728
2022-12-15 15:14:23,412 - INFO: train loss:1.1728
2022-12-15 15:14:27,125 - INFO: train loss:0.8149	train accuracy:0.7260
2022-12-15 15:14:27,125 - INFO: train loss:0.8149	train accuracy:0.7260
2022-12-15 15:14:27,957 - INFO: val loss:1.2982	val accuracy:0.5763
2022-12-15 15:14:27,957 - INFO: val loss:1.2982	val accuracy:0.5763
2022-12-15 15:14:28,135 - INFO: train loss:1.2488
2022-12-15 15:14:28,135 - INFO: train loss:1.2488
2022-12-15 15:14:35,106 - INFO: train loss:1.0651
2022-12-15 15:14:35,106 - INFO: train loss:1.0651
2022-12-15 15:14:42,032 - INFO: train loss:0.9423
2022-12-15 15:14:42,032 - INFO: train loss:0.9423
2022-12-15 15:14:48,735 - INFO: train loss:1.0556
2022-12-15 15:14:48,735 - INFO: train loss:1.0556
2022-12-15 15:14:53,281 - INFO: train loss:0.8519	train accuracy:0.6928
2022-12-15 15:14:53,281 - INFO: train loss:0.8519	train accuracy:0.6928
2022-12-15 15:14:54,733 - INFO: val loss:1.2378	val accuracy:0.4746
2022-12-15 15:14:54,733 - INFO: val loss:1.2378	val accuracy:0.4746
2022-12-15 15:14:55,026 - INFO: train loss:0.6729
2022-12-15 15:14:55,026 - INFO: train loss:0.6729
2022-12-15 15:15:04,446 - INFO: train loss:0.9406
2022-12-15 15:15:04,446 - INFO: train loss:0.9406
2022-12-15 15:15:13,958 - INFO: train loss:0.8131
2022-12-15 15:15:13,958 - INFO: train loss:0.8131
2022-12-15 15:15:22,125 - INFO: train loss:0.6556
2022-12-15 15:15:22,125 - INFO: train loss:0.6556
2022-12-15 15:15:26,075 - INFO: train loss:0.8561	train accuracy:0.6806
2022-12-15 15:15:26,075 - INFO: train loss:0.8561	train accuracy:0.6806
2022-12-15 15:15:26,996 - INFO: val loss:1.2078	val accuracy:0.5932
2022-12-15 15:15:26,996 - INFO: val loss:1.2078	val accuracy:0.5932
2022-12-15 15:15:27,240 - INFO: train loss:0.4817
2022-12-15 15:15:27,240 - INFO: train loss:0.4817
2022-12-15 15:15:34,482 - INFO: train loss:0.8947
2022-12-15 15:15:34,482 - INFO: train loss:0.8947
2022-12-15 15:15:42,132 - INFO: train loss:0.6404
2022-12-15 15:15:42,132 - INFO: train loss:0.6404
2022-12-15 15:15:49,233 - INFO: train loss:1.4010
2022-12-15 15:15:49,233 - INFO: train loss:1.4010
2022-12-15 15:15:53,168 - INFO: train loss:0.8272	train accuracy:0.6946
2022-12-15 15:15:53,168 - INFO: train loss:0.8272	train accuracy:0.6946
2022-12-15 15:15:54,082 - INFO: val loss:1.2133	val accuracy:0.4576
2022-12-15 15:15:54,082 - INFO: val loss:1.2133	val accuracy:0.4576
2022-12-15 15:15:54,271 - INFO: train loss:0.8328
2022-12-15 15:15:54,271 - INFO: train loss:0.8328
2022-12-15 15:16:01,275 - INFO: train loss:1.2382
2022-12-15 15:16:01,275 - INFO: train loss:1.2382
2022-12-15 15:16:08,007 - INFO: train loss:0.2567
2022-12-15 15:16:08,007 - INFO: train loss:0.2567
2022-12-15 15:16:14,693 - INFO: train loss:0.8683
2022-12-15 15:16:14,693 - INFO: train loss:0.8683
2022-12-15 15:16:18,770 - INFO: train loss:0.7170	train accuracy:0.7330
2022-12-15 15:16:18,770 - INFO: train loss:0.7170	train accuracy:0.7330
2022-12-15 15:16:19,722 - INFO: val loss:1.1634	val accuracy:0.5763
2022-12-15 15:16:19,722 - INFO: val loss:1.1634	val accuracy:0.5763
2022-12-15 15:16:19,922 - INFO: train loss:1.1843
2022-12-15 15:16:19,922 - INFO: train loss:1.1843
2022-12-15 15:16:26,599 - INFO: train loss:1.5429
2022-12-15 15:16:26,599 - INFO: train loss:1.5429
2022-12-15 15:16:33,289 - INFO: train loss:0.1477
2022-12-15 15:16:33,289 - INFO: train loss:0.1477
2022-12-15 15:16:39,983 - INFO: train loss:2.6367
2022-12-15 15:16:39,983 - INFO: train loss:2.6367
2022-12-15 15:16:43,805 - INFO: train loss:0.7822	train accuracy:0.7068
2022-12-15 15:16:43,805 - INFO: train loss:0.7822	train accuracy:0.7068
2022-12-15 15:16:44,692 - INFO: val loss:1.2351	val accuracy:0.5254
2022-12-15 15:16:44,692 - INFO: val loss:1.2351	val accuracy:0.5254
2022-12-15 15:16:44,881 - INFO: train loss:1.1901
2022-12-15 15:16:44,881 - INFO: train loss:1.1901
2022-12-15 15:16:51,587 - INFO: train loss:0.4491
2022-12-15 15:16:51,587 - INFO: train loss:0.4491
2022-12-15 15:16:58,395 - INFO: train loss:0.3779
2022-12-15 15:16:58,395 - INFO: train loss:0.3779
2022-12-15 15:17:05,775 - INFO: train loss:0.4837
2022-12-15 15:17:05,775 - INFO: train loss:0.4837
2022-12-15 15:17:09,815 - INFO: train loss:0.7301	train accuracy:0.7103
2022-12-15 15:17:09,815 - INFO: train loss:0.7301	train accuracy:0.7103
2022-12-15 15:17:10,744 - INFO: val loss:1.0368	val accuracy:0.6102
2022-12-15 15:17:10,744 - INFO: val loss:1.0368	val accuracy:0.6102
2022-12-15 15:17:10,941 - INFO: train loss:0.5757
2022-12-15 15:17:10,941 - INFO: train loss:0.5757
2022-12-15 15:17:18,196 - INFO: train loss:0.6753
2022-12-15 15:17:18,196 - INFO: train loss:0.6753
2022-12-15 15:17:24,910 - INFO: train loss:0.2816
2022-12-15 15:17:24,910 - INFO: train loss:0.2816
2022-12-15 15:17:31,695 - INFO: train loss:0.8453
2022-12-15 15:17:31,695 - INFO: train loss:0.8453
2022-12-15 15:17:35,442 - INFO: train loss:0.7245	train accuracy:0.7417
2022-12-15 15:17:35,442 - INFO: train loss:0.7245	train accuracy:0.7417
2022-12-15 15:17:36,239 - INFO: val loss:1.4214	val accuracy:0.5254
2022-12-15 15:17:36,239 - INFO: val loss:1.4214	val accuracy:0.5254
2022-12-15 15:17:36,444 - INFO: train loss:1.4497
2022-12-15 15:17:36,444 - INFO: train loss:1.4497
2022-12-15 15:17:43,305 - INFO: train loss:0.5583
2022-12-15 15:17:43,305 - INFO: train loss:0.5583
2022-12-15 15:17:50,940 - INFO: train loss:0.5800
2022-12-15 15:17:50,940 - INFO: train loss:0.5800
2022-12-15 15:17:58,726 - INFO: train loss:0.7068
2022-12-15 15:17:58,726 - INFO: train loss:0.7068
2022-12-15 15:18:03,352 - INFO: train loss:0.8584	train accuracy:0.6789
2022-12-15 15:18:03,352 - INFO: train loss:0.8584	train accuracy:0.6789
2022-12-15 15:18:05,168 - INFO: val loss:1.3466	val accuracy:0.5085
2022-12-15 15:18:05,168 - INFO: val loss:1.3466	val accuracy:0.5085
2022-12-15 15:18:05,484 - INFO: train loss:0.7003
2022-12-15 15:18:05,484 - INFO: train loss:0.7003
2022-12-15 15:18:13,944 - INFO: train loss:0.7646
2022-12-15 15:18:13,944 - INFO: train loss:0.7646
2022-12-15 15:18:22,294 - INFO: train loss:1.2450
2022-12-15 15:18:22,294 - INFO: train loss:1.2450
2022-12-15 15:18:31,127 - INFO: train loss:0.9755
2022-12-15 15:18:31,127 - INFO: train loss:0.9755
2022-12-15 15:18:35,773 - INFO: train loss:0.8771	train accuracy:0.6754
2022-12-15 15:18:35,773 - INFO: train loss:0.8771	train accuracy:0.6754
2022-12-15 15:18:37,034 - INFO: val loss:1.5711	val accuracy:0.3898
2022-12-15 15:18:37,034 - INFO: val loss:1.5711	val accuracy:0.3898
2022-12-15 15:18:37,263 - INFO: train loss:0.3989
2022-12-15 15:18:37,263 - INFO: train loss:0.3989
2022-12-15 15:18:46,765 - INFO: train loss:0.7971
2022-12-15 15:18:46,765 - INFO: train loss:0.7971
2022-12-15 15:18:53,876 - INFO: train loss:0.8376
2022-12-15 15:18:53,876 - INFO: train loss:0.8376
2022-12-15 15:19:01,328 - INFO: train loss:0.3785
2022-12-15 15:19:01,328 - INFO: train loss:0.3785
2022-12-15 15:19:05,571 - INFO: train loss:0.7722	train accuracy:0.7068
2022-12-15 15:19:05,571 - INFO: train loss:0.7722	train accuracy:0.7068
2022-12-15 15:19:06,808 - INFO: val loss:1.2461	val accuracy:0.4915
2022-12-15 15:19:06,808 - INFO: val loss:1.2461	val accuracy:0.4915
2022-12-15 15:19:07,098 - INFO: train loss:0.3772
2022-12-15 15:19:07,098 - INFO: train loss:0.3772
2022-12-15 15:19:15,039 - INFO: train loss:0.6026
2022-12-15 15:19:15,039 - INFO: train loss:0.6026
2022-12-15 15:19:22,230 - INFO: train loss:0.4349
2022-12-15 15:19:22,230 - INFO: train loss:0.4349
2022-12-15 15:19:29,204 - INFO: train loss:0.1589
2022-12-15 15:19:29,204 - INFO: train loss:0.1589
2022-12-15 15:19:33,036 - INFO: train loss:0.6691	train accuracy:0.7382
2022-12-15 15:19:33,036 - INFO: train loss:0.6691	train accuracy:0.7382
2022-12-15 15:19:34,066 - INFO: val loss:1.0682	val accuracy:0.6102
2022-12-15 15:19:34,066 - INFO: val loss:1.0682	val accuracy:0.6102
2022-12-15 15:19:34,283 - INFO: train loss:0.2764
2022-12-15 15:19:34,283 - INFO: train loss:0.2764
2022-12-15 15:19:41,315 - INFO: train loss:0.4633
2022-12-15 15:19:41,315 - INFO: train loss:0.4633
2022-12-15 15:19:48,396 - INFO: train loss:0.4762
2022-12-15 15:19:48,396 - INFO: train loss:0.4762
2022-12-15 15:19:55,180 - INFO: train loss:0.4569
2022-12-15 15:19:55,180 - INFO: train loss:0.4569
2022-12-15 15:19:58,923 - INFO: train loss:0.5921	train accuracy:0.7661
2022-12-15 15:19:58,923 - INFO: train loss:0.5921	train accuracy:0.7661
2022-12-15 15:19:59,679 - INFO: val loss:1.2035	val accuracy:0.5763
2022-12-15 15:19:59,679 - INFO: val loss:1.2035	val accuracy:0.5763
2022-12-15 15:20:01,062 - INFO: PIPFirst_开始训练 ... 
2022-12-15 15:20:01,062 - INFO: PIPFirst_开始训练 ... 
2022-12-15 15:20:01,062 - INFO: PIPFirst_开始训练 ... 
2022-12-15 15:20:01,317 - INFO: train loss:2.5979
2022-12-15 15:20:01,317 - INFO: train loss:2.5979
2022-12-15 15:20:01,317 - INFO: train loss:2.5979
2022-12-15 15:20:08,085 - INFO: train loss:2.4683
2022-12-15 15:20:08,085 - INFO: train loss:2.4683
2022-12-15 15:20:08,085 - INFO: train loss:2.4683
2022-12-15 15:20:14,787 - INFO: train loss:2.3708
2022-12-15 15:20:14,787 - INFO: train loss:2.3708
2022-12-15 15:20:14,787 - INFO: train loss:2.3708
2022-12-15 15:20:21,476 - INFO: train loss:2.2833
2022-12-15 15:20:21,476 - INFO: train loss:2.2833
2022-12-15 15:20:21,476 - INFO: train loss:2.2833
2022-12-15 15:20:25,245 - INFO: train loss:2.2473	train accuracy:0.2496
2022-12-15 15:20:25,245 - INFO: train loss:2.2473	train accuracy:0.2496
2022-12-15 15:20:25,245 - INFO: train loss:2.2473	train accuracy:0.2496
2022-12-15 15:20:25,984 - INFO: val loss:1.7746	val accuracy:0.4407
2022-12-15 15:20:25,984 - INFO: val loss:1.7746	val accuracy:0.4407
2022-12-15 15:20:25,984 - INFO: val loss:1.7746	val accuracy:0.4407
2022-12-15 15:20:26,251 - INFO: 成功保存模型
2022-12-15 15:20:26,251 - INFO: 成功保存模型
2022-12-15 15:20:26,251 - INFO: 成功保存模型
2022-12-15 15:20:26,423 - INFO: train loss:1.6801
2022-12-15 15:20:26,423 - INFO: train loss:1.6801
2022-12-15 15:20:26,423 - INFO: train loss:1.6801
2022-12-15 15:20:33,147 - INFO: train loss:1.2679
2022-12-15 15:20:33,147 - INFO: train loss:1.2679
2022-12-15 15:20:33,147 - INFO: train loss:1.2679
2022-12-15 15:20:40,222 - INFO: train loss:1.7435
2022-12-15 15:20:40,222 - INFO: train loss:1.7435
2022-12-15 15:20:40,222 - INFO: train loss:1.7435
2022-12-15 15:20:46,906 - INFO: train loss:2.3525
2022-12-15 15:20:46,906 - INFO: train loss:2.3525
2022-12-15 15:20:46,906 - INFO: train loss:2.3525
2022-12-15 15:20:50,676 - INFO: train loss:1.7484	train accuracy:0.4031
2022-12-15 15:20:50,676 - INFO: train loss:1.7484	train accuracy:0.4031
2022-12-15 15:20:50,676 - INFO: train loss:1.7484	train accuracy:0.4031
2022-12-15 15:20:51,485 - INFO: val loss:1.2811	val accuracy:0.6780
2022-12-15 15:20:51,485 - INFO: val loss:1.2811	val accuracy:0.6780
2022-12-15 15:20:51,485 - INFO: val loss:1.2811	val accuracy:0.6780
2022-12-15 15:20:51,845 - INFO: 成功保存模型
2022-12-15 15:20:51,845 - INFO: 成功保存模型
2022-12-15 15:20:51,845 - INFO: 成功保存模型
2022-12-15 15:20:52,010 - INFO: train loss:1.0984
2022-12-15 15:20:52,010 - INFO: train loss:1.0984
2022-12-15 15:20:52,010 - INFO: train loss:1.0984
2022-12-15 15:20:58,681 - INFO: train loss:1.2955
2022-12-15 15:20:58,681 - INFO: train loss:1.2955
2022-12-15 15:20:58,681 - INFO: train loss:1.2955
2022-12-15 15:21:05,348 - INFO: train loss:1.5324
2022-12-15 15:21:05,348 - INFO: train loss:1.5324
2022-12-15 15:21:05,348 - INFO: train loss:1.5324
2022-12-15 15:21:12,029 - INFO: train loss:1.3273
2022-12-15 15:21:12,029 - INFO: train loss:1.3273
2022-12-15 15:21:12,029 - INFO: train loss:1.3273
2022-12-15 15:21:15,727 - INFO: train loss:1.4845	train accuracy:0.4555
2022-12-15 15:21:15,727 - INFO: train loss:1.4845	train accuracy:0.4555
2022-12-15 15:21:15,727 - INFO: train loss:1.4845	train accuracy:0.4555
2022-12-15 15:21:16,424 - INFO: val loss:1.3110	val accuracy:0.5085
2022-12-15 15:21:16,424 - INFO: val loss:1.3110	val accuracy:0.5085
2022-12-15 15:21:16,424 - INFO: val loss:1.3110	val accuracy:0.5085
2022-12-15 15:21:16,599 - INFO: train loss:0.9476
2022-12-15 15:21:16,599 - INFO: train loss:0.9476
2022-12-15 15:21:16,599 - INFO: train loss:0.9476
2022-12-15 15:21:23,274 - INFO: train loss:1.4432
2022-12-15 15:21:23,274 - INFO: train loss:1.4432
2022-12-15 15:21:23,274 - INFO: train loss:1.4432
2022-12-15 15:21:29,946 - INFO: train loss:0.7134
2022-12-15 15:21:29,946 - INFO: train loss:0.7134
2022-12-15 15:21:29,946 - INFO: train loss:0.7134
2022-12-15 15:21:36,617 - INFO: train loss:1.0403
2022-12-15 15:21:36,617 - INFO: train loss:1.0403
2022-12-15 15:21:36,617 - INFO: train loss:1.0403
2022-12-15 15:21:40,302 - INFO: train loss:1.3519	train accuracy:0.5131
2022-12-15 15:21:40,302 - INFO: train loss:1.3519	train accuracy:0.5131
2022-12-15 15:21:40,302 - INFO: train loss:1.3519	train accuracy:0.5131
2022-12-15 15:21:40,979 - INFO: val loss:1.2317	val accuracy:0.4746
2022-12-15 15:21:40,979 - INFO: val loss:1.2317	val accuracy:0.4746
2022-12-15 15:21:40,979 - INFO: val loss:1.2317	val accuracy:0.4746
2022-12-15 15:21:41,136 - INFO: train loss:1.4266
2022-12-15 15:21:41,136 - INFO: train loss:1.4266
2022-12-15 15:21:41,136 - INFO: train loss:1.4266
2022-12-15 15:21:47,797 - INFO: train loss:1.2365
2022-12-15 15:21:47,797 - INFO: train loss:1.2365
2022-12-15 15:21:47,797 - INFO: train loss:1.2365
2022-12-15 15:21:54,467 - INFO: train loss:2.1909
2022-12-15 15:21:54,467 - INFO: train loss:2.1909
2022-12-15 15:21:54,467 - INFO: train loss:2.1909
2022-12-15 15:22:01,132 - INFO: train loss:1.9094
2022-12-15 15:22:01,132 - INFO: train loss:1.9094
2022-12-15 15:22:01,132 - INFO: train loss:1.9094
2022-12-15 15:22:04,830 - INFO: train loss:1.3742	train accuracy:0.4921
2022-12-15 15:22:04,830 - INFO: train loss:1.3742	train accuracy:0.4921
2022-12-15 15:22:04,830 - INFO: train loss:1.3742	train accuracy:0.4921
2022-12-15 15:22:05,456 - INFO: val loss:1.2967	val accuracy:0.5593
2022-12-15 15:22:05,456 - INFO: val loss:1.2967	val accuracy:0.5593
2022-12-15 15:22:05,456 - INFO: val loss:1.2967	val accuracy:0.5593
2022-12-15 15:22:05,615 - INFO: train loss:2.3479
2022-12-15 15:22:05,615 - INFO: train loss:2.3479
2022-12-15 15:22:05,615 - INFO: train loss:2.3479
2022-12-15 15:22:12,295 - INFO: train loss:0.6295
2022-12-15 15:22:12,295 - INFO: train loss:0.6295
2022-12-15 15:22:12,295 - INFO: train loss:0.6295
2022-12-15 15:22:18,958 - INFO: train loss:1.2386
2022-12-15 15:22:18,958 - INFO: train loss:1.2386
2022-12-15 15:22:18,958 - INFO: train loss:1.2386
2022-12-15 15:22:25,643 - INFO: train loss:1.9991
2022-12-15 15:22:25,643 - INFO: train loss:1.9991
2022-12-15 15:22:25,643 - INFO: train loss:1.9991
2022-12-15 15:22:29,328 - INFO: train loss:1.3717	train accuracy:0.5201
2022-12-15 15:22:29,328 - INFO: train loss:1.3717	train accuracy:0.5201
2022-12-15 15:22:29,328 - INFO: train loss:1.3717	train accuracy:0.5201
2022-12-15 15:22:30,018 - INFO: val loss:1.6092	val accuracy:0.5254
2022-12-15 15:22:30,018 - INFO: val loss:1.6092	val accuracy:0.5254
2022-12-15 15:22:30,018 - INFO: val loss:1.6092	val accuracy:0.5254
2022-12-15 15:22:30,182 - INFO: train loss:0.9932
2022-12-15 15:22:30,182 - INFO: train loss:0.9932
2022-12-15 15:22:30,182 - INFO: train loss:0.9932
2022-12-15 15:22:36,861 - INFO: train loss:1.7086
2022-12-15 15:22:36,861 - INFO: train loss:1.7086
2022-12-15 15:22:36,861 - INFO: train loss:1.7086
2022-12-15 15:22:43,531 - INFO: train loss:0.7954
2022-12-15 15:22:43,531 - INFO: train loss:0.7954
2022-12-15 15:22:43,531 - INFO: train loss:0.7954
2022-12-15 15:22:50,216 - INFO: train loss:1.6793
2022-12-15 15:22:50,216 - INFO: train loss:1.6793
2022-12-15 15:22:50,216 - INFO: train loss:1.6793
2022-12-15 15:22:53,922 - INFO: train loss:1.3039	train accuracy:0.5375
2022-12-15 15:22:53,922 - INFO: train loss:1.3039	train accuracy:0.5375
2022-12-15 15:22:53,922 - INFO: train loss:1.3039	train accuracy:0.5375
2022-12-15 15:22:54,660 - INFO: val loss:1.1342	val accuracy:0.5254
2022-12-15 15:22:54,660 - INFO: val loss:1.1342	val accuracy:0.5254
2022-12-15 15:22:54,660 - INFO: val loss:1.1342	val accuracy:0.5254
2022-12-15 15:22:54,836 - INFO: train loss:1.2491
2022-12-15 15:22:54,836 - INFO: train loss:1.2491
2022-12-15 15:22:54,836 - INFO: train loss:1.2491
2022-12-15 15:23:01,565 - INFO: train loss:1.6515
2022-12-15 15:23:01,565 - INFO: train loss:1.6515
2022-12-15 15:23:01,565 - INFO: train loss:1.6515
2022-12-15 15:23:08,252 - INFO: train loss:0.9431
2022-12-15 15:23:08,252 - INFO: train loss:0.9431
2022-12-15 15:23:08,252 - INFO: train loss:0.9431
2022-12-15 15:23:14,939 - INFO: train loss:1.6168
2022-12-15 15:23:14,939 - INFO: train loss:1.6168
2022-12-15 15:23:14,939 - INFO: train loss:1.6168
2022-12-15 15:23:18,647 - INFO: train loss:1.3634	train accuracy:0.5079
2022-12-15 15:23:18,647 - INFO: train loss:1.3634	train accuracy:0.5079
2022-12-15 15:23:18,647 - INFO: train loss:1.3634	train accuracy:0.5079
2022-12-15 15:23:19,396 - INFO: val loss:1.5754	val accuracy:0.3390
2022-12-15 15:23:19,396 - INFO: val loss:1.5754	val accuracy:0.3390
2022-12-15 15:23:19,396 - INFO: val loss:1.5754	val accuracy:0.3390
2022-12-15 15:23:19,569 - INFO: train loss:1.6949
2022-12-15 15:23:19,569 - INFO: train loss:1.6949
2022-12-15 15:23:19,569 - INFO: train loss:1.6949
2022-12-15 15:23:26,261 - INFO: train loss:1.3217
2022-12-15 15:23:26,261 - INFO: train loss:1.3217
2022-12-15 15:23:26,261 - INFO: train loss:1.3217
2022-12-15 15:23:32,929 - INFO: train loss:1.1195
2022-12-15 15:23:32,929 - INFO: train loss:1.1195
2022-12-15 15:23:32,929 - INFO: train loss:1.1195
2022-12-15 15:23:39,610 - INFO: train loss:2.0516
2022-12-15 15:23:39,610 - INFO: train loss:2.0516
2022-12-15 15:23:39,610 - INFO: train loss:2.0516
2022-12-15 15:23:43,300 - INFO: train loss:1.3962	train accuracy:0.4939
2022-12-15 15:23:43,300 - INFO: train loss:1.3962	train accuracy:0.4939
2022-12-15 15:23:43,300 - INFO: train loss:1.3962	train accuracy:0.4939
2022-12-15 15:23:44,107 - INFO: val loss:1.6137	val accuracy:0.4576
2022-12-15 15:23:44,107 - INFO: val loss:1.6137	val accuracy:0.4576
2022-12-15 15:23:44,107 - INFO: val loss:1.6137	val accuracy:0.4576
2022-12-15 15:23:44,286 - INFO: train loss:2.3583
2022-12-15 15:23:44,286 - INFO: train loss:2.3583
2022-12-15 15:23:44,286 - INFO: train loss:2.3583
2022-12-15 15:23:50,979 - INFO: train loss:1.6951
2022-12-15 15:23:50,979 - INFO: train loss:1.6951
2022-12-15 15:23:50,979 - INFO: train loss:1.6951
2022-12-15 15:23:57,879 - INFO: train loss:1.2896
2022-12-15 15:23:57,879 - INFO: train loss:1.2896
2022-12-15 15:23:57,879 - INFO: train loss:1.2896
2022-12-15 15:24:04,655 - INFO: train loss:1.0525
2022-12-15 15:24:04,655 - INFO: train loss:1.0525
2022-12-15 15:24:04,655 - INFO: train loss:1.0525
2022-12-15 15:24:08,411 - INFO: train loss:1.2263	train accuracy:0.5428
2022-12-15 15:24:08,411 - INFO: train loss:1.2263	train accuracy:0.5428
2022-12-15 15:24:08,411 - INFO: train loss:1.2263	train accuracy:0.5428
2022-12-15 15:24:09,102 - INFO: val loss:1.2049	val accuracy:0.5593
2022-12-15 15:24:09,102 - INFO: val loss:1.2049	val accuracy:0.5593
2022-12-15 15:24:09,102 - INFO: val loss:1.2049	val accuracy:0.5593
2022-12-15 15:24:09,258 - INFO: train loss:1.1273
2022-12-15 15:24:09,258 - INFO: train loss:1.1273
2022-12-15 15:24:09,258 - INFO: train loss:1.1273
2022-12-15 15:24:15,961 - INFO: train loss:1.0531
2022-12-15 15:24:15,961 - INFO: train loss:1.0531
2022-12-15 15:24:15,961 - INFO: train loss:1.0531
2022-12-15 15:24:23,048 - INFO: train loss:1.6404
2022-12-15 15:24:23,048 - INFO: train loss:1.6404
2022-12-15 15:24:23,048 - INFO: train loss:1.6404
2022-12-15 15:24:30,028 - INFO: train loss:1.6828
2022-12-15 15:24:30,028 - INFO: train loss:1.6828
2022-12-15 15:24:30,028 - INFO: train loss:1.6828
2022-12-15 15:24:33,793 - INFO: train loss:1.1644	train accuracy:0.5550
2022-12-15 15:24:33,793 - INFO: train loss:1.1644	train accuracy:0.5550
2022-12-15 15:24:33,793 - INFO: train loss:1.1644	train accuracy:0.5550
2022-12-15 15:24:34,473 - INFO: val loss:1.4592	val accuracy:0.4915
2022-12-15 15:24:34,473 - INFO: val loss:1.4592	val accuracy:0.4915
2022-12-15 15:24:34,473 - INFO: val loss:1.4592	val accuracy:0.4915
2022-12-15 15:24:34,619 - INFO: train loss:1.3975
2022-12-15 15:24:34,619 - INFO: train loss:1.3975
2022-12-15 15:24:34,619 - INFO: train loss:1.3975
2022-12-15 15:24:41,323 - INFO: train loss:0.6908
2022-12-15 15:24:41,323 - INFO: train loss:0.6908
2022-12-15 15:24:41,323 - INFO: train loss:0.6908
2022-12-15 15:24:48,055 - INFO: train loss:1.1869
2022-12-15 15:24:48,055 - INFO: train loss:1.1869
2022-12-15 15:24:48,055 - INFO: train loss:1.1869
2022-12-15 15:24:54,745 - INFO: train loss:1.7615
2022-12-15 15:24:54,745 - INFO: train loss:1.7615
2022-12-15 15:24:54,745 - INFO: train loss:1.7615
2022-12-15 15:24:58,511 - INFO: train loss:1.1616	train accuracy:0.5672
2022-12-15 15:24:58,511 - INFO: train loss:1.1616	train accuracy:0.5672
2022-12-15 15:24:58,511 - INFO: train loss:1.1616	train accuracy:0.5672
2022-12-15 15:24:59,472 - INFO: val loss:1.6106	val accuracy:0.4237
2022-12-15 15:24:59,472 - INFO: val loss:1.6106	val accuracy:0.4237
2022-12-15 15:24:59,472 - INFO: val loss:1.6106	val accuracy:0.4237
2022-12-15 15:24:59,644 - INFO: train loss:1.8557
2022-12-15 15:24:59,644 - INFO: train loss:1.8557
2022-12-15 15:24:59,644 - INFO: train loss:1.8557
2022-12-15 15:25:06,930 - INFO: train loss:1.1507
2022-12-15 15:25:06,930 - INFO: train loss:1.1507
2022-12-15 15:25:06,930 - INFO: train loss:1.1507
2022-12-15 15:25:13,738 - INFO: train loss:1.2568
2022-12-15 15:25:13,738 - INFO: train loss:1.2568
2022-12-15 15:25:13,738 - INFO: train loss:1.2568
2022-12-15 15:25:20,945 - INFO: train loss:0.8818
2022-12-15 15:25:20,945 - INFO: train loss:0.8818
2022-12-15 15:25:20,945 - INFO: train loss:0.8818
2022-12-15 15:25:26,026 - INFO: train loss:1.1540	train accuracy:0.5899
2022-12-15 15:25:26,026 - INFO: train loss:1.1540	train accuracy:0.5899
2022-12-15 15:25:26,026 - INFO: train loss:1.1540	train accuracy:0.5899
2022-12-15 15:25:27,422 - INFO: val loss:1.5800	val accuracy:0.4576
2022-12-15 15:25:27,422 - INFO: val loss:1.5800	val accuracy:0.4576
2022-12-15 15:25:27,422 - INFO: val loss:1.5800	val accuracy:0.4576
2022-12-15 15:25:27,744 - INFO: train loss:0.7451
2022-12-15 15:25:27,744 - INFO: train loss:0.7451
2022-12-15 15:25:27,744 - INFO: train loss:0.7451
2022-12-15 15:25:36,162 - INFO: train loss:2.3651
2022-12-15 15:25:36,162 - INFO: train loss:2.3651
2022-12-15 15:25:36,162 - INFO: train loss:2.3651
2022-12-15 15:25:43,237 - INFO: train loss:0.7028
2022-12-15 15:25:43,237 - INFO: train loss:0.7028
2022-12-15 15:25:43,237 - INFO: train loss:0.7028
2022-12-15 15:25:50,126 - INFO: train loss:1.2648
2022-12-15 15:25:50,126 - INFO: train loss:1.2648
2022-12-15 15:25:50,126 - INFO: train loss:1.2648
2022-12-15 15:25:54,162 - INFO: train loss:1.0997	train accuracy:0.6073
2022-12-15 15:25:54,162 - INFO: train loss:1.0997	train accuracy:0.6073
2022-12-15 15:25:54,162 - INFO: train loss:1.0997	train accuracy:0.6073
2022-12-15 15:25:55,097 - INFO: val loss:0.9974	val accuracy:0.5763
2022-12-15 15:25:55,097 - INFO: val loss:0.9974	val accuracy:0.5763
2022-12-15 15:25:55,097 - INFO: val loss:0.9974	val accuracy:0.5763
2022-12-15 15:25:55,282 - INFO: train loss:0.7481
2022-12-15 15:25:55,282 - INFO: train loss:0.7481
2022-12-15 15:25:55,282 - INFO: train loss:0.7481
2022-12-15 15:26:02,178 - INFO: train loss:0.8048
2022-12-15 15:26:02,178 - INFO: train loss:0.8048
2022-12-15 15:26:02,178 - INFO: train loss:0.8048
2022-12-15 15:26:08,892 - INFO: train loss:1.1720
2022-12-15 15:26:08,892 - INFO: train loss:1.1720
2022-12-15 15:26:08,892 - INFO: train loss:1.1720
2022-12-15 15:26:15,721 - INFO: train loss:0.5877
2022-12-15 15:26:15,721 - INFO: train loss:0.5877
2022-12-15 15:26:15,721 - INFO: train loss:0.5877
2022-12-15 15:26:19,528 - INFO: train loss:0.9871	train accuracy:0.6300
2022-12-15 15:26:19,528 - INFO: train loss:0.9871	train accuracy:0.6300
2022-12-15 15:26:19,528 - INFO: train loss:0.9871	train accuracy:0.6300
2022-12-15 15:26:20,245 - INFO: val loss:1.3178	val accuracy:0.4746
2022-12-15 15:26:20,245 - INFO: val loss:1.3178	val accuracy:0.4746
2022-12-15 15:26:20,245 - INFO: val loss:1.3178	val accuracy:0.4746
2022-12-15 15:26:20,415 - INFO: train loss:1.5595
2022-12-15 15:26:20,415 - INFO: train loss:1.5595
2022-12-15 15:26:20,415 - INFO: train loss:1.5595
2022-12-15 15:26:29,106 - INFO: train loss:0.3780
2022-12-15 15:26:29,106 - INFO: train loss:0.3780
2022-12-15 15:26:29,106 - INFO: train loss:0.3780
2022-12-15 15:26:38,362 - INFO: train loss:0.7535
2022-12-15 15:26:38,362 - INFO: train loss:0.7535
2022-12-15 15:26:38,362 - INFO: train loss:0.7535
